<?xml version="1.0" encoding="UTF-8"?>
<testng-results skipped="0" failed="0" ignored="0" total="1" passed="1">
  <reporter-output>
  </reporter-output>
  <suite name="Default suite" duration-ms="14397" started-at="2020-02-21T16:09:05Z" finished-at="2020-02-21T16:09:20Z">
    <groups>
    </groups>
    <test name="Default test" duration-ms="14397" started-at="2020-02-21T16:09:05Z" finished-at="2020-02-21T16:09:20Z">
      <class name="TestCase.LoginTest">
        <test-method status="PASS" signature="Test()[pri:0, instance:TestCase.LoginTest@61832929]" name="Test" duration-ms="14335" started-at="2020-02-21T16:09:05Z" finished-at="2020-02-21T16:09:20Z">
          <reporter-output>
          </reporter-output>
        </test-method> <!-- Test -->
      </class> <!-- TestCase.LoginTest -->
    </test> <!-- Default test -->
  </suite> <!-- Default suite -->
</testng-results>
